# JRE version: Java(TM) SE Runtime Environment (8.0_161-b12) (build 1.8.0_161-b12)
# Java VM: Java HotSpot(TM) 64-Bit Server VM (25.161-b12 mixed mode windows-amd64 compressed oops)
Heap:
 PSYoungGen      total 275456K, used 99276K [0x00000000d5f00000, 0x00000000e8700000, 0x0000000100000000)
  eden space 263168K, 33% used [0x00000000d5f00000,0x00000000db442a80,0x00000000e6000000)
  from space 12288K, 97% used [0x00000000e7b00000,0x00000000e86b0688,0x00000000e8700000)
  to   space 16896K, 0% used [0x00000000e6600000,0x00000000e6600000,0x00000000e7680000)
 ParOldGen       total 96256K, used 22230K [0x0000000081c00000, 0x0000000087a00000, 0x00000000d5f00000)
  object space 96256K, 23% used [0x0000000081c00000,0x00000000831b5ab8,0x0000000087a00000)
 Metaspace       used 43783K, capacity 44270K, committed 44632K, reserved 1087488K
  class space    used 5841K, capacity 5958K, committed 6016K, reserved 1048576K
GC Heap History (10 events):
Event: 2.243 GC heap before
{Heap before GC invocations=8 (full 1):
 PSYoungGen      total 142336K, used 133120K [0x00000000d5f00000, 0x00000000df400000, 0x0000000100000000)
  eden space 133120K, 100% used [0x00000000d5f00000,0x00000000de100000,0x00000000de100000)
  from space 9216K, 0% used [0x00000000deb00000,0x00000000deb00000,0x00000000df400000)
  to   space 9728K, 0% used [0x00000000de100000,0x00000000de100000,0x00000000dea80000)
 ParOldGen       total 59392K, used 8276K [0x0000000081c00000, 0x0000000085600000, 0x00000000d5f00000)
  object space 59392K, 13% used [0x0000000081c00000,0x0000000082415120,0x0000000085600000)
 Metaspace       used 25672K, capacity 25994K, committed 26368K, reserved 1073152K
  class space    used 3387K, capacity 3498K, committed 3584K, reserved 1048576K
Event: 2.249 GC heap after
Heap after GC invocations=8 (full 1):
 PSYoungGen      total 142848K, used 9717K [0x00000000d5f00000, 0x00000000e4080000, 0x0000000100000000)
  eden space 133120K, 0% used [0x00000000d5f00000,0x00000000d5f00000,0x00000000de100000)
  from space 9728K, 99% used [0x00000000de100000,0x00000000dea7d668,0x00000000dea80000)
  to   space 11264K, 0% used [0x00000000e3580000,0x00000000e3580000,0x00000000e4080000)
 ParOldGen       total 59392K, used 9236K [0x0000000081c00000, 0x0000000085600000, 0x00000000d5f00000)
  object space 59392K, 15% used [0x0000000081c00000,0x0000000082505158,0x0000000085600000)
 Metaspace       used 25672K, capacity 25994K, committed 26368K, reserved 1073152K
  class space    used 3387K, capacity 3498K, committed 3584K, reserved 1048576K
}
Event: 3.089 GC heap before
{Heap before GC invocations=9 (full 1):
 PSYoungGen      total 142848K, used 142837K [0x00000000d5f00000, 0x00000000e4080000, 0x0000000100000000)
  eden space 133120K, 100% used [0x00000000d5f00000,0x00000000de100000,0x00000000de100000)
  from space 9728K, 99% used [0x00000000de100000,0x00000000dea7d668,0x00000000dea80000)
  to   space 11264K, 0% used [0x00000000e3580000,0x00000000e3580000,0x00000000e4080000)
 ParOldGen       total 59392K, used 9236K [0x0000000081c00000, 0x0000000085600000, 0x00000000d5f00000)
  object space 59392K, 15% used [0x0000000081c00000,0x0000000082505158,0x0000000085600000)
 Metaspace       used 31779K, capacity 32134K, committed 32512K, reserved 1077248K
  class space    used 4184K, capacity 4276K, committed 4352K, reserved 1048576K
Event: 3.098 GC heap after
Heap after GC invocations=9 (full 1):
 PSYoungGen      total 215040K, used 11263K [0x00000000d5f00000, 0x00000000e4300000, 0x0000000100000000)
  eden space 203776K, 0% used [0x00000000d5f00000,0x00000000d5f00000,0x00000000e2600000)
  from space 11264K, 99% used [0x00000000e3580000,0x00000000e407fc98,0x00000000e4080000)
  to   space 14848K, 0% used [0x00000000e2600000,0x00000000e2600000,0x00000000e3480000)
 ParOldGen       total 59392K, used 14304K [0x0000000081c00000, 0x0000000085600000, 0x00000000d5f00000)
  object space 59392K, 24% used [0x0000000081c00000,0x00000000829f83c8,0x0000000085600000)
 Metaspace       used 31779K, capacity 32134K, committed 32512K, reserved 1077248K
  class space    used 4184K, capacity 4276K, committed 4352K, reserved 1048576K
}
Event: 3.332 GC heap before
{Heap before GC invocations=10 (full 1):
 PSYoungGen      total 215040K, used 53422K [0x00000000d5f00000, 0x00000000e4300000, 0x0000000100000000)
  eden space 203776K, 20% used [0x00000000d5f00000,0x00000000d882bdf0,0x00000000e2600000)
  from space 11264K, 99% used [0x00000000e3580000,0x00000000e407fc98,0x00000000e4080000)
  to   space 14848K, 0% used [0x00000000e2600000,0x00000000e2600000,0x00000000e3480000)
 ParOldGen       total 59392K, used 14304K [0x0000000081c00000, 0x0000000085600000, 0x00000000d5f00000)
  object space 59392K, 24% used [0x0000000081c00000,0x00000000829f83c8,0x0000000085600000)
 Metaspace       used 34830K, capacity 35206K, committed 35416K, reserved 1079296K
  class space    used 4602K, capacity 4724K, committed 4736K, reserved 1048576K
Event: 3.340 GC heap after
Heap after GC invocations=10 (full 1):
 PSYoungGen      total 218624K, used 14604K [0x00000000d5f00000, 0x00000000e8b80000, 0x0000000100000000)
  eden space 203776K, 0% used [0x00000000d5f00000,0x00000000d5f00000,0x00000000e2600000)
  from space 14848K, 98% used [0x00000000e2600000,0x00000000e34431a8,0x00000000e3480000)
  to   space 16896K, 0% used [0x00000000e7b00000,0x00000000e7b00000,0x00000000e8b80000)
 ParOldGen       total 59392K, used 14320K [0x0000000081c00000, 0x0000000085600000, 0x00000000d5f00000)
  object space 59392K, 24% used [0x0000000081c00000,0x00000000829fc3d8,0x0000000085600000)
 Metaspace       used 34830K, capacity 35206K, committed 35416K, reserved 1079296K
  class space    used 4602K, capacity 4724K, committed 4736K, reserved 1048576K
}
Event: 3.340 GC heap before
{Heap before GC invocations=11 (full 2):
 PSYoungGen      total 218624K, used 14604K [0x00000000d5f00000, 0x00000000e8b80000, 0x0000000100000000)
  eden space 203776K, 0% used [0x00000000d5f00000,0x00000000d5f00000,0x00000000e2600000)
  from space 14848K, 98% used [0x00000000e2600000,0x00000000e34431a8,0x00000000e3480000)
  to   space 16896K, 0% used [0x00000000e7b00000,0x00000000e7b00000,0x00000000e8b80000)
 ParOldGen       total 59392K, used 14320K [0x0000000081c00000, 0x0000000085600000, 0x00000000d5f00000)
  object space 59392K, 24% used [0x0000000081c00000,0x00000000829fc3d8,0x0000000085600000)
 Metaspace       used 34830K, capacity 35206K, committed 35416K, reserved 1079296K
  class space    used 4602K, capacity 4724K, committed 4736K, reserved 1048576K
Event: 3.377 GC heap after
Heap after GC invocations=11 (full 2):
 PSYoungGen      total 218624K, used 0K [0x00000000d5f00000, 0x00000000e8b80000, 0x0000000100000000)
  eden space 203776K, 0% used [0x00000000d5f00000,0x00000000d5f00000,0x00000000e2600000)
  from space 14848K, 0% used [0x00000000e2600000,0x00000000e2600000,0x00000000e3480000)
  to   space 16896K, 0% used [0x00000000e7b00000,0x00000000e7b00000,0x00000000e8b80000)
 ParOldGen       total 96256K, used 22222K [0x0000000081c00000, 0x0000000087a00000, 0x00000000d5f00000)
  object space 96256K, 23% used [0x0000000081c00000,0x00000000831b3ab8,0x0000000087a00000)
 Metaspace       used 34830K, capacity 35206K, committed 35416K, reserved 1079296K
  class space    used 4602K, capacity 4724K, committed 4736K, reserved 1048576K
}
Event: 4.557 GC heap before
{Heap before GC invocations=12 (full 2):
 PSYoungGen      total 218624K, used 203776K [0x00000000d5f00000, 0x00000000e8b80000, 0x0000000100000000)
  eden space 203776K, 100% used [0x00000000d5f00000,0x00000000e2600000,0x00000000e2600000)
  from space 14848K, 0% used [0x00000000e2600000,0x00000000e2600000,0x00000000e3480000)
  to   space 16896K, 0% used [0x00000000e7b00000,0x00000000e7b00000,0x00000000e8b80000)
 ParOldGen       total 96256K, used 22222K [0x0000000081c00000, 0x0000000087a00000, 0x00000000d5f00000)
  object space 96256K, 23% used [0x0000000081c00000,0x00000000831b3ab8,0x0000000087a00000)
 Metaspace       used 41173K, capacity 41600K, committed 41944K, reserved 1085440K
  class space    used 5498K, capacity 5603K, committed 5632K, reserved 1048576K
Event: 4.565 GC heap after
Heap after GC invocations=12 (full 2):
 PSYoungGen      total 275456K, used 11969K [0x00000000d5f00000, 0x00000000e8700000, 0x0000000100000000)
  eden space 263168K, 0% used [0x00000000d5f00000,0x00000000d5f00000,0x00000000e6000000)
  from space 12288K, 97% used [0x00000000e7b00000,0x00000000e86b0688,0x00000000e8700000)
  to   space 16896K, 0% used [0x00000000e6600000,0x00000000e6600000,0x00000000e7680000)
 ParOldGen       total 96256K, used 22230K [0x0000000081c00000, 0x0000000087a00000, 0x00000000d5f00000)
  object space 96256K, 23% used [0x0000000081c00000,0x00000000831b5ab8,0x0000000087a00000)
 Metaspace       used 41173K, capacity 41600K, committed 41944K, reserved 1085440K
  class space    used 5498K, capacity 5603K, committed 5632K, reserved 1048576K
}

